==15766== Memcheck, a memory error detector
==15766== Copyright (C) 2002-2011, and GNU GPL'd, by Julian Seward et al.
==15766== Using Valgrind-3.7.0 and LibVEX; rerun with -h for copyright info
==15766== Command: ./RunDarwin.app
==15766== 
*** Darwin 8x8 ***
Turn = 0.
  01234567
0 f.......
1 ........
2 ........
3 ...hh...
4 ...hh...
5 ........
6 ........
7 .......f

Turn = 1.
  01234567
0 f.......
1 ........
2 ...h....
3 .....h..
4 ..h.....
5 ....h...
6 ........
7 .......f

Turn = 2.
  01234567
0 f.......
1 ...h....
2 ........
3 ......h.
4 .h......
5 ........
6 ....h...
7 .......f

Turn = 3.
  01234567
0 f..h....
1 ........
2 ........
3 .......h
4 h.......
5 ........
6 ........
7 ....h..f

Turn = 4.
  01234567
0 f..h....
1 ........
2 ........
3 .......h
4 h.......
5 ........
6 ........
7 ....h..f

Turn = 5.
  01234567
0 f..h....
1 ........
2 ........
3 .......h
4 h.......
5 ........
6 ........
7 ....h..f

*** Darwin 7x9 ***
Turn = 0.
  012345678
0 t........
1 .........
2 .........
3 ..h......
4 .........
5 ....r....
6 ........t

Turn = 1.
  012345678
0 t........
1 .........
2 .........
3 ...h.....
4 ....r....
5 .........
6 ........t

Turn = 2.
  012345678
0 t........
1 .........
2 .........
3 ....r....
4 ....r....
5 .........
6 ........t

Turn = 3.
  012345678
0 t........
1 .........
2 .........
3 ....rr...
4 .........
5 .........
6 ........t

Turn = 4.
  012345678
0 t........
1 .........
2 ....r....
3 ......r..
4 .........
5 .........
6 ........t

Turn = 5.
  012345678
0 t........
1 ....r....
2 .........
3 .......r.
4 .........
5 .........
6 ........t

*** Darwin 72x72 without Best ***
Turn = 0.
  012345678901234567890123456789012345678901234567890123456789012345678901
0 .................................t..........................f...........
1 ...................r....................................................
2 ........................................................................
3 ......................................t.................................
4 ........................................................................
5 ........................................................................
6 ........................................................................
7 ........................................................................
8 ..............r.........................................................
9 ........................................................................
10 ........................................................................
11 ....................................t...................................
12 ....................................................f...................
13 ..t.....................................................................
14 ........................................................................
15 ........................................................................
16 ........................................................................
17 ........................................................................
18 ........................................................................
19 ........................................................................
20 ...........r.........................................................r..
21 ...........................................................f............
22 ........................................................................
23 ......................................................................t.
24 ........................................................................
25 ......................................................t.................
26 ........................................................................
27 ........................................................................
28 .........................................h..............................
29 ........................................................................
30 ......................................................h.................
31 ........................................................................
32 ........................................................................
33 .....h..................................................................
34 ........................................................................
35 ...............h........................................................
36 ........................................................................
37 ........................................................................
38 ........................................................................
39 ...................................h....................................
40 ........................................................................
41 ........................................................................
42 ........................................................................
43 .............................................r..........................
44 .........f..............................................................
45 ........................................................................
46 .......................................................f................
47 ...................................................t..........h.........
48 ........................................................................
49 ........................................................................
50 ..............r.........................................................
51 ....................................................................t...
52 ...................h...............................................h....
53 ........................................................................
54 .............................r..........................................
55 ................................r.......................................
56 ..........f.......................................f.....................
57 .................................f................f.....................
58 ........................................................................
59 ........................................................................
60 ........................................................................
61 ............................................r...........................
62 .h......................................................................
63 ........................................................t...............
64 ........................................................................
65 ........................................................................
66 .................................................t......................
67 ........................................................................
68 ........................................................................
69 .........................................f..............................
70 ....r.........................................................h.........
71 ........................................................................

Turn = 100.
  012345678901234567890123456789012345678901234567890123456789012345678901
0 ................................r.......r.r..........r..................
1 ........................................................................
2 ........................................................................
3 ......................................t.................................
4 ........................................................................
5 ........................................................................
6 ........................................................................
7 ........................................................................
8 ........................................................................
9 ........................................................................
10 ........................................................................
11 ...................................tt...................................
12 ....................................................f...................
13 ..t.....................................................................
14 ........................................................................
15 ........................................................................
16 ........................................................................
17 ........................................................................
18 ........................r....................................r..........
19 ........................................................................
20 ........................................................................
21 ...........................................................f............
22 ........................................................................
23 ......................................................................t.
24 .................r......................................................
25 ...............r......................................t.................
26 ................r.......................................................
27 ........................................................................
28 ...r.........................................r..........................
29 ............................................r...........................
30 ........................................................................
31 .........................................r..............................
32 ........................................................................
33 ........................................................................
34 ........................................................................
35 ........................................................................
36 ........................................................................
37 ........................................................................
38 ........................................................................
39 ........................................................................
40 ........................................................................
41 ........................................................................
42 ........................................................................
43 ........................................................................
44 .........f..............................................................
45 ........................................................................
46 .......................................................f................
47 ...................................................t....................
48 ........................................................................
49 ........................................................................
50 ........................................................................
51 ....................................................................t...
52 ........................................................................
53 .................r......................................................
54 ........................................................................
55 ........................................................................
56 ..........f.......................................f.....................
57 .................................f................f.....................
58 ........................................................................
59 ........................................................................
60 ........................................................................
61 ........................................r...............................
62 ........................................r...............................
63 ........................................................t...............
64 ........................................................................
65 ........................................................................
66 .................................................t......................
67 ........................................................................
68 ........................................................................
69 .........................................f..............................
70 ........................................................................
71 .r...h.............h..........r.................r.......................

Turn = 200.
  012345678901234567890123456789012345678901234567890123456789012345678901
0 ..................r.....r...........r............................r......
1 ........................................................................
2 ........................................................................
3 ......................................t.................................
4 ........................................................................
5 ........................................................................
6 ........................................................................
7 .................................r......................................
8 ..................................r.....................................
9 ........................................................................
10 ........................................................................
11 ...................................tt...................................
12 ....................................................f...................
13 ..t.....................................................................
14 ........................................................................
15 ........................................................................
16 ........................................................................
17 ........................................................................
18 ........................................................................
19 ........................................................................
20 ........................................................................
21 ...........................................................f............
22 ........................................................................
23 ......................................................................t.
24 ........................................................................
25 ......................................................t.................
26 ........................r...............................................
27 ........................................................................
28 ........................................................................
29 ........................................................................
30 ........................................................r...............
31 ........................................................................
32 ........................................................................
33 ........................................................................
34 .................................................r......................
35 .rr...............................................r.....................
36 ........................................................................
37 ........................................................................
38 ........................................................................
39 ........................................................................
40 ........................................................................
41 ........................................................................
42 r.......................................................................
43 ........................................................................
44 .........f..............................................................
45 ........................................................................
46 .......................................................f................
47 ...................................................t...................r
48 ........................................................................
49 ............................................r..........................r
50 ........................................................................
51 ....................................................................t...
52 ........................................................................
53 ........................................................................
54 ........................................................................
55 ........................................................................
56 ..........f.......................................f.....................
57 .................................f................f.....................
58 ........................................................................
59 ........................................................................
60 ........................................................................
61 ........................................................................
62 ........................................................................
63 .......................r................................................
64 ........................................................................
65 ........................................................................
66 .............................rr..................t......................
67 ........................................................................
68 ........................................................................
69 .........................................f..............................
70 ........................................................................
71 ...........................................................r...r..r.....

Turn = 300.
  012345678901234567890123456789012345678901234567890123456789012345678901
0 ......................r..................................r..............
1 ........................................................................
2 ....................................................r...................
3 rr....................................t............r....................
4 ........................................................................
5 ........................................................................
6 ........................................................................
7 ........................................................................
8 ..........r.............................................................
9 ........................................................................
10 ........................................................................
11 ...................................tt...................................
12 ....................................................f...................
13 ..t....................................................r................
14 ..t...................................................r.................
15 ........................................................................
16 ........................................................................
17 .....................................r..................................
18 ........................................................................
19 ........................................................................
20 ........................................................................
21 ...........................................................f............
22 ........................................................................
23 .......................................................................t
24 .......................................................................t
25 rr......................................................................
26 ..............................r.........................................
27 ........................................................................
28 ........................................................................
29 ........................................................................
30 ...........................r............................................
31 ........................................................................
32 .........r..............................................................
33 ........................................................................
34 ........................................................................
35 ........................................................................
36 ........................................................................
37 ........................................................................
38 ........................................................................
39 ........................................................................
40 ........................................................................
41 r.......................................................................
42 ........................................................................
43 ........................................................................
44 ........................................................................
45 ........................................................................
46 ........................................................................
47 .............r..........................................................
48 .....r..................................................................
49 ....................................................................r...
50 .....................................................................r..
51 ....................................................................t...
52 ........................................................................
53 ........................................................................
54 ........................................................................
55 ........................................................................
56 ........r.f.......................................f.....................
57 .................................f................f.....................
58 ........................................................................
59 ........................................................................
60 ........................................................................
61 ........................................................................
62 ........................................................................
63 ........................................................................
64 ........................................................................
65 .......................................................................r
66 .................................................t......................
67 ........................................................................
68 ........................................................................
69 .........................................f..............................
70 ....................................................................r...
71 ............r...........................................................

Turn = 400.
  012345678901234567890123456789012345678901234567890123456789012345678901
0 ......................................r.............r...............r...
1 ........................................................................
2 ........................................................................
3 ...............................................r.......................r
4 .......................................................................r
5 ........................................................................
6 ........................................................................
7 ........................................................................
8 ........................................................................
9 ........................................................................
10 ........................................................................
11 ...................................tt...................................
12 ....................................................f...................
13 .........................................................r..........r...
14 ........................................................................
15 ........................................................................
16 ........................................................................
17 ........................................................................
18 ........................................................................
19 ........................................................................
20 ........................................................................
21 ...........................................................f............
22 ........................................................................
23 .........................r..............................................
24 ........................................................................
25 ........................................................................
26 .......................................................................r
27 .......................................................................r
28 ........................................................................
29 ........................................................................
30 ........................................................................
31 ........................................................................
32 ........................................................................
33 ........................................................................
34 .......................................................................r
35 ........................................................................
36 ........................................................................
37 ........................................................................
38 ........................................................................
39 ........................................................................
40 ........................................................................
41 ...............................................................r........
42 ........................................................................
43 .............................................................r..........
44 ................................................................r.......
45 ........................................................................
46 ........................................................................
47 ........................................................................
48 r.......................................................................
49 r.......................................................................
50 ........................................................................
51 r.......................................................................
52 .............r..........................................................
53 .......................r................................................
54 ........................r...............................................
55 ........................................................................
56 ..........f.......................................f.....................
57 .................................f................f.....................
58 ............r....r......................................................
59 ........................................................................
60 ........................................................................
61 ........................................................................
62 ....r...................................................................
63 ........................................................................
64 ........................................................................
65 ........................................................................
66 .................................................t......................
67 ........................................................r...............
68 r.......................................................................
69 ........................................................................
70 r.......................................................................
71 .r....................rr..............................r.................

Turn = 500.
  012345678901234567890123456789012345678901234567890123456789012345678901
0 ............rr............r......r........................r.............
1 r......................r.......r........................................
2 r.........................r.............................................
3 .r......................................................................
4 ..................................................r.....................
5 ..................................................r.....................
6 ................r.......................................................
7 r.......................................................................
8 ........................................................................
9 .....................................r..................................
10 ........................................................................
11 r..................................tt...................................
12 ...................................r................f...................
13 ........................................................................
14 ..................................r....r................................
15 ........................................................................
16 ......r.................................................................
17 ........................................................................
18 ........................................................................
19 ........................................................................
20 ........................................................................
21 ...........................................................f............
22 ........................................................................
23 ........................................................................
24 ........................................................................
25 ........................................................................
26 ........................................................................
27 ........................................................................
28 ........................................................................
29 ........................................................................
30 ........................................................................
31 ........................................................................
32 ........................................................................
33 ........................................................................
34 ........................................................................
35 ........................................................................
36 ........................................................................
37 ........................................................................
38 ........................................................................
39 ........................................................................
40 .................................................r......................
41 ........................................................................
42 ....................................r...................................
43 ........................................................................
44 ........................................................................
45 ........................................................................
46 ........................................................................
47 ........................................................................
48 ........................................................................
49 ........................................................................
50 ........................................................................
51 .............................................................r..........
52 .............................................r..........................
53 ........................................................................
54 ........................................................................
55 ........................................................................
56 ..........f.......................................f.....................
57 .................................f................f.....................
58 ........................................................................
59 ........................................................................
60 ........................................................................
61 ......................................................................r.
62 .......................................................................r
63 ........................................................................
64 ........................................................................
65 ........................................................................
66 ............................................................r.r.........
67 ...............................r........................................
68 ........................................................................
69 ........................................................................
70 ........................................................................
71 ...r.................................................r..................

Turn = 600.
  012345678901234567890123456789012345678901234567890123456789012345678901
0 r..r..............r.....................................r...............
1 ........................................................................
2 r.................r.....................................................
3 ......r..........................r...............r......................
4 ........................................................................
5 ........................................................................
6 ........................................................................
7 ........................................................................
8 ........................................................................
9 ........................................................................
10 .......................................................................r
11 ..................................ttt...................................
12 ...................................t................f...................
13 ........................................................................
14 ........................................................................
15 ........................................................................
16 ........................................................................
17 ........................................................................
18 ........................................................................
19 ........................................................................
20 ........................................................................
21 ...........................................................f............
22 ........................................................................
23 ........................................................................
24 ........................................................................
25 ............................................r...........................
26 ........................................................................
27 ........................................................................
28 ........................................................................
29 ........................................................................
30 ..................r.....................................................
31 ........................................................................
32 ........................................................................
33 ........................r....................................r..........
34 ........................................................................
35 ........................................................................
36 ............................r...........................................
37 ...........................r............................................
38 ........................................................................
39 .......................................................................r
40 ........................................................................
41 ........................................................................
42 ......r.......................................................r.........
43 .....r..................................................................
44 ........................................................................
45 ........................................................................
46 .............................................r..........................
47 ........................................................................
48 ........................................................................
49 ........................................................................
50 ........................................................................
51 ........................................................................
52 ........................................................................
53 ........................................................................
54 .......................................................................r
55 ........................................................................
56 ..........f.......................................f.....................
57 .................................f................f.....................
58 ........................................................................
59 ........................................................................
60 ........................................................................
61 ........................................................................
62 ...................................................r....................
63 ........r...............................................................
64 ..................................................rr....................
65 r.......................................................................
66 ........................................................................
67 ........................................................................
68 ........................................................................
69 ........................................................................
70 ........................................................................
71 .................r.......r...................r..........................

Turn = 700.
  012345678901234567890123456789012345678901234567890123456789012345678901
0 ...............r.............................................r..........
1 ................................................r.......................
2 ........................................................................
3 .................................................r......................
4 ..................................................r.....................
5 ........................................................................
6 ........................................................................
7 .....................................................................r..
8 ....................................................................r...
9 ........................................................................
10 ........................................................................
11 ..................................ttt...................................
12 ...................................tt...............f...................
13 ...................................t......................r.............
14 ...........................................................r............
15 ......................................................................r.
16 .......................................................................r
17 ........................................................................
18 ........................................................................
19 ........................................................................
20 ........................................................................
21 ...................................................................r....
22 ........................................................................
23 ........................................................................
24 .......................................................................r
25 ........................................................................
26 .......................................................................r
27 r..........r............................................................
28 ...........r............................................................
29 ........................................................................
30 ........................................................................
31 ........................................................................
32 .......................................................................r
33 ........................................................................
34 ........................................................................
35 ........................................................................
36 .......r...............................................................r
37 ........................................................................
38 ........................................................................
39 ........................................................................
40 ........................................................................
41 ........................................................................
42 .....r..................................................................
43 ........................................................................
44 ........................................................................
45 ........................................................................
46 ........................................................................
47 ........................................................................
48 ........................................................................
49 ..............r.........................................................
50 ........................................................................
51 ........................................................................
52 .............r.........................................................r
53 ......r.....r...........................................................
54 .....r..................................................................
55 ........................................................................
56 ..........f.............................................................
57 ........................................................................
58 ........................................................................
59 ........................................................................
60 ........................................................................
61 .............................................r..........................
62 ........................................................................
63 ........................................................................
64 ........................................................................
65 ........................................................................
66 ........................................................................
67 ........................................................................
68 ........................................................................
69 ........................................................................
70 ........................................................................
71 ........r..............r..r....r........................................

Turn = 800.
  012345678901234567890123456789012345678901234567890123456789012345678901
0 .....................................................r..................
1 ...........................................................r.r...r......
2 ........................................................................
3 ........................................................................
4 ........................................................................
5 ........................................................................
6 ........................................................................
7 ........................................................................
8 ........................................................................
9 ........................................................................
10 r......................................................................r
11 ..................................tttt..................................
12 ...................................tt...............f...................
13 ........................................................................
14 .......................................................................r
15 r........r..............................................................
16 ........r...............................................................
17 ........................................................................
18 r.................r.....................................................
19 ...................r....................................................
20 ........................................................................
21 ...........r............................................................
22 ........................................................................
23 ........................................................................
24 ........................................................................
25 ........................................................................
26 ..................r......r.............................................r
27 r.........................r.............................................
28 ........................................................................
29 ........................................................................
30 r.......................r...............................................
31 ........................................................................
32 ........................................................................
33 ........................................................................
34 .......................................................................r
35 ........................................................................
36 ........................................................................
37 ........................................................................
38 ........................................................................
39 ........................................................................
40 ........................................................................
41 ........................................................................
42 ..........................................r.............................
43 ........................................................................
44 ........................................................................
45 ........................................................................
46 ..................................................r.....................
47 ........................................................................
48 ................................................r.......................
49 ........................................................................
50 ........................................................................
51 ........................................................................
52 ...................................r....................................
53 ........................................................................
54 ........................................................................
55 ........................................................................
56 ..........f.............................................................
57 ........................................................................
58 ........................................................................
59 ........................................................................
60 ........................................................................
61 .......................r......................................r.........
62 ..............................................................r.........
63 ........................................................................
64 ........................................................................
65 ........................................................................
66 ........................................................................
67 ........................................................................
68 ........................r...............................................
69 ........................................................................
70 ........................................................................
71 ..................................................................r..r..

Turn = 900.
  012345678901234567890123456789012345678901234567890123456789012345678901
0 .........rr.....................................r.r.....................
1 .......r................................................................
2 r.......................................................................
3 r.......................................................................
4 ........................................................................
5 ........................................................................
6 ........................................................................
7 ........................................................................
8 ........................................................................
9 r.......................................................................
10 r.......................................................................
11 ..................................tttt..................................
12 ...................................tt...................................
13 ........................................................................
14 ........................................................................
15 ........................................................................
16 ........................................................................
17 ........................................................................
18 ........................................................................
19 .........................r..r..r........................................
20 ........................................................................
21 ........................................................................
22 ........................................................................
23 ........................................................................
24 ........................................................................
25 ........................................................................
26 .r......................................................................
27 ........................................................................
28 ...................r....................................................
29 ..................r.....................................................
30 ........................................................................
31 ........................................................................
32 ........................................................................
33 ........................................................................
34 ........................................................................
35 ........................................................................
36 ........................................................................
37 ........................................................................
38 ........................................................................
39 ........................................................................
40 ........................................................................
41 ........................................................................
42 ........r...............................................................
43 ........................................................................
44 ........................................................................
45 ........................................................................
46 r.......................................................................
47 ........................................................................
48 ....................................................r...................
49 ........................................................................
50 ........................................................................
51 ........................................................................
52 ........................................................................
53 ........................................................................
54 ........................................................................
55 ........................................................................
56 ..........f.............................................................
57 ........................................................................
58 ........................................................................
59 ........................................................................
60 .......................................................................r
61 ....................................................................r...
62 .....................................................................r..
63 ...............................r........................................
64 ................................r.r.....................................
65 ........................................................................
66 ......................................r.................................
67 ...........................................................r............
68 ......................................r....................r............
69 .....................................................r..................
70 ........................................................................
71 ...r..r......r...............................................r..........

Turn = 1000.
  012345678901234567890123456789012345678901234567890123456789012345678901
0 .........................................r.......r..r.............r.....
1 ...............................................r........................
2 ........................................................................
3 .....................................r..................................
4 ....................................r...................................
5 ........................................................................
6 ........................................................................
7 ..............................................................r.........
8 ........................................................................
9 ........................................................................
10 ...................................t....................................
11 ..................................tttt..................................
12 ...................................ttt.....rr.r.........................
13 ......................................................................r.
14 .......................................................................r
15 ........................................................................
16 .......................................................................r
17 .....................................................................r..
18 ........................................................................
19 ........................................................................
20 ......................................................................r.
21 ........................................................................
22 .....................................................................r..
23 .....................................................................r..
24 ........................................................................
25 ........................................................................
26 ........................................................................
27 r.......................................................................
28 ........................................................................
29 ........................................................................
30 ........................................................................
31 ........................................................................
32 ........................................................................
33 ........................................................................
34 ........................................................................
35 ........................................................................
36 ........................................................................
37 ........................................................................
38 ........................................................................
39 ........................................................................
40 ........................................................................
41 ........................................................................
42 .....r..................................................................
43 ........................................................................
44 ........................................................................
45 ........................................................................
46 ........................................................................
47 ........................................................................
48 r.......................................................................
49 ........................................................................
50 ........................................................................
51 ........................................................................
52 ........................................................................
53 ........................................................................
54 r.......................................................................
55 ........................................................................
56 ..........f.............................................................
57 r.......................................................................
58 ........................................................................
59 ........................................................................
60 ........................................................................
61 ........................................................................
62 ........................................................................
63 ........................................................................
64 ........................................................................
65 ........................................................................
66 ........................................................................
67 ........................................................................
68 ..............r.r.......................................................
69 ........................................................................
70 .r........r.............................................................
71 ...............r......r............r.....r..............................

*** MyTest 1 (1x4) ***
Turn = 0.
  0123
0 t..h

Turn = 1.
  0123
0 t.h.

Turn = 2.
  0123
0 th..

Turn = 3.
  0123
0 th..

Turn = 4.
  0123
0 th..

Turn = 5.
  0123
0 tt..

Turn = 6.
  0123
0 tt..

Turn = 7.
  0123
0 tt..

Turn = 8.
  0123
0 tt..

Turn = 9.
  0123
0 tt..

Turn = 10.
  0123
0 tt..

*** MyTest 2 (3x3) ***
Turn = 0.
  012
0 r..
1 ...
2 ...

Turn = 1.
  012
0 .r.
1 ...
2 ...

Turn = 2.
  012
0 ..r
1 ...
2 ...

Turn = 3.
  012
0 ..r
1 ...
2 ...

Turn = 4.
  012
0 ...
1 ..r
2 ...

Turn = 5.
  012
0 ...
1 ...
2 ..r

Turn = 6.
  012
0 ...
1 ...
2 ..r

Turn = 7.
  012
0 ...
1 ...
2 ..r

Turn = 8.
  012
0 ...
1 ...
2 ..r

Turn = 9.
  012
0 ...
1 ...
2 .r.

Turn = 10.
  012
0 ...
1 ...
2 r..

*** MyTest 3 (1x11) ***
Turn = 0.
  01234567890
0 r.f.f.f.f.f

Turn = 1.
  01234567890
0 .rf.f.f.f.f

Turn = 2.
  01234567890
0 .rr.f.f.f.f

Turn = 3.
  01234567890
0 .r.rf.f.f.f

Turn = 4.
  01234567890
0 .r.rr.f.f.f

Turn = 5.
  01234567890
0 ..rrr.f.f.f

Turn = 6.
  01234567890
0 ..rrr.f.f.f

Turn = 7.
  01234567890
0 ..rr.rf.f.f

Turn = 8.
  01234567890
0 ..rr.rr.f.f

Turn = 9.
  01234567890
0 ..rr.rr.f.f

Turn = 10.
  01234567890
0 .r.r.rr.f.f

Turn = 11.
  01234567890
0 r...rrr.f.f

Turn = 12.
  01234567890
0 r...rrr.f.f

Turn = 13.
  01234567890
0 r...rrr.f.f

Turn = 14.
  01234567890
0 .r..rrr.f.f

Turn = 15.
  01234567890
0 ..r.rrr.f.f

*** MyTest 4 (4 x 6) ***
Turn = 0.
  012345
0 f.f.f.
1 .f.f.f
2 f.f.f.
3 .f.f.r

Turn = 2.
  012345
0 f.f.f.
1 .f.f.f
2 f.f.f.
3 .f.rr.

Turn = 4.
  012345
0 f.f.f.
1 .f.f.f
2 f.f.r.
3 .fr.r.

Turn = 6.
  012345
0 f.f.r.
1 .f.frf
2 f.f.r.
3 rr....

Turn = 8.
  012345
0 f.fr..
1 .f.rrf
2 r.f..r
3 rr....

Turn = 10.
  012345
0 rrr.r.
1 rfr.rr
2 r.f...
3 r.....

Turn = 12.
  012345
0 rrrr.r
1 rrrr..
2 r.f...
3 .r....

Turn = 14.
  012345
0 r.rr..
1 rrr.rr
2 .r....
3 rr.r..

Turn = 16.
  012345
0 rrr...
1 r.rr..
2 r...r.
3 r.r.rr

Turn = 18.
  012345
0 r.rr..
1 r.....
2 rrr..r
3 .r.rrr

Turn = 20.
  012345
0 r..r.r
1 r..r.r
2 r.....
3 rrr.rr

*** MyTest 5 (8 x 8) ***
Turn = 0.
  01234567
0 f...f...
1 ........
2 ........
3 ....r...
4 ...r....
5 ........
6 ........
7 ...f...f

Turn = 1.
  01234567
0 f...f...
1 ........
2 ....r...
3 ........
4 ........
5 ...r....
6 ........
7 ...f...f

Turn = 2.
  01234567
0 f...f...
1 ....r...
2 ........
3 ........
4 ........
5 ........
6 ...r....
7 ...f...f

Turn = 3.
  01234567
0 f...r...
1 ....r...
2 ........
3 ........
4 ........
5 ........
6 ...r....
7 ....r..f

Turn = 4.
  01234567
0 f...r...
1 ....r...
2 ........
3 ........
4 ........
5 ........
6 ........
7 ...r.r.f

Turn = 5.
  01234567
0 f..r....
1 ...r....
2 ........
3 ........
4 ........
5 ........
6 ........
7 ...r..rf

Turn = 6.
  01234567
0 f.r.....
1 ..r.....
2 ........
3 ........
4 ........
5 ........
6 ........
7 ..r...rr

Turn = 7.
  01234567
0 fr......
1 .r......
2 ........
3 ........
4 ........
5 ........
6 .......r
7 .r....r.

Turn = 8.
  01234567
0 rr......
1 r.......
2 ........
3 ........
4 ........
5 .......r
6 ........
7 r.....r.

Turn = 9.
  01234567
0 rr......
1 r.......
2 ........
3 ........
4 .......r
5 ........
6 ........
7 r....r..

Turn = 10.
  01234567
0 r.......
1 rr......
2 ........
3 .......r
4 ........
5 ........
6 r.......
7 ....r...

Turn = 11.
  01234567
0 r.......
1 r.......
2 .r.....r
3 ........
4 ........
5 r.......
6 ........
7 ...r....

Turn = 12.
  01234567
0 r.......
1 .......r
2 r.......
3 .r......
4 r.......
5 ........
6 ........
7 ..r.....

Turn = 13.
  01234567
0 r......r
1 ........
2 ........
3 r.......
4 rr......
5 ........
6 ........
7 .r......

Turn = 14.
  01234567
0 r......r
1 ........
2 ........
3 r.......
4 r.......
5 .r......
6 ........
7 r.......

Turn = 15.
  01234567
0 ......r.
1 r.......
2 ........
3 rr......
4 ........
5 ........
6 .r......
7 r.......

Turn = 16.
  01234567
0 .....r..
1 ........
2 r.......
3 r.r.....
4 ........
5 ........
6 ........
7 rr......

Turn = 17.
  01234567
0 ....r...
1 ........
2 r.......
3 .r.r....
4 ........
5 ........
6 ........
7 rr......

Turn = 18.
  01234567
0 ...r....
1 ........
2 .r......
3 ..r.r...
4 ........
5 ........
6 ........
7 r.r.....

Turn = 19.
  01234567
0 ..r.....
1 ........
2 ..r.....
3 ...r.r..
4 ........
5 ........
6 ........
7 r..r....

Turn = 20.
  01234567
0 .r......
1 ........
2 ...r....
3 ....r.r.
4 ........
5 ........
6 r.......
7 ....r...

*** MyTest 6 (10 x 10) ***
Turn = 0.
  0123456789
0 r........r
1 ..........
2 ..........
3 ..........
4 ....ff....
5 ....ff....
6 ..........
7 ..........
8 ..........
9 r........r

Turn = 5.
  0123456789
0 .....r....
1 ..........
2 ..........
3 ..........
4 r...ff....
5 ....ff...r
6 ..........
7 ..........
8 ..........
9 ....r.....

Turn = 10.
  0123456789
0 r........r
1 ..........
2 ..........
3 ..........
4 ....ff....
5 ....ff....
6 ..........
7 ..........
8 ..........
9 r........r

Turn = 15.
  0123456789
0 .....r....
1 ..........
2 ..........
3 .........r
4 r...ff....
5 ....ff....
6 ..........
7 ..........
8 ..........
9 ....r.....

Turn = 20.
  0123456789
0 r........r
1 ..........
2 ..........
3 ..........
4 ....ff....
5 ....ff....
6 ..........
7 ..........
8 .........r
9 r.........

Turn = 25.
  0123456789
0 ...r.r....
1 ..........
2 ..........
3 ..........
4 r...ff....
5 ....ff....
6 ..........
7 ..........
8 ..........
9 ........r.

Turn = 30.
  0123456789
0 r.r.......
1 ..........
2 ..........
3 .....r....
4 ....fr....
5 ....ff....
6 ..........
7 ..........
8 ..........
9 ...r......

Turn = 35.
  0123456789
0 .r.r......
1 ....r.....
2 ..........
3 .........r
4 ..........
5 ....f.....
6 .....r....
7 ..........
8 r....r....
9 ..........

Turn = 40.
  0123456789
0 ......r.rr
1 ........r.
2 ..........
3 r.........
4 ..........
5 ....f.....
6 ..........
7 ..........
8 .......r..
9 ........r.

==15766== 
==15766== HEAP SUMMARY:
==15766==     in use at exit: 122,880 bytes in 6 blocks
==15766==   total heap usage: 468 allocs, 462 frees, 301,576 bytes allocated
==15766== 
==15766== LEAK SUMMARY:
==15766==    definitely lost: 0 bytes in 0 blocks
==15766==    indirectly lost: 0 bytes in 0 blocks
==15766==      possibly lost: 0 bytes in 0 blocks
==15766==    still reachable: 122,880 bytes in 6 blocks
==15766==         suppressed: 0 bytes in 0 blocks
==15766== Rerun with --leak-check=full to see details of leaked memory
==15766== 
==15766== For counts of detected and suppressed errors, rerun with: -v
==15766== ERROR SUMMARY: 0 errors from 0 contexts (suppressed: 4 from 4)
